Arguments: 
  /usr/local/Cellar/node/11.4.0/bin/node /usr/local/bin/yarn add @openzepplin/contracts

PATH: 
  /usr/local/opt/ruby/bin:/usr/local/opt/python@3.8/bin:/usr/local/bin:/usr/bin:/bin:/usr/sbin:/sbin:/opt/X11/bin:/Library/Apple/usr/bin:/Library/Frameworks/Mono.framework/Versions/Current/Commands:/Applications/Wireshark.app/Contents/MacOS:/Users/akivabamberger/Desktop/rap-name-nft/rap-name-nft-contracts/node_modules/.bin:/usr/local/opt/ruby/bin:/Users/akivabamberger/Downloads/google-cloud-sdk/bin:/usr/local/opt/python@3.8/bin:/Users/akivabamberger/.cargo/bin:.:/usr/local/Cellar/node/11.4.0/bin:/Applications/android-sdks//tools:/Applications/android-sdks//platform-tools:/usr/local/Cellar/node/11.4.0/bin/:.:/usr/local/Cellar/node/11.4.0/bin:/Applications/android-sdks//tools:/Applications/android-sdks//platform-tools:/usr/local/Cellar/node/11.4.0/bin/

Yarn version: 
  1.13.0

Node version: 
  16.13.0

Platform: 
  darwin x64

Trace: 
  Error: https://registry.yarnpkg.com/@openzepplin%2fcontracts: Not found
      at Request.params.callback [as _callback] (/usr/local/lib/node_modules/yarn/lib/cli.js:66255:18)
      at Request.self.callback (/usr/local/lib/node_modules/yarn/lib/cli.js:129397:22)
      at Request.emit (node:events:390:28)
      at Request.<anonymous> (/usr/local/lib/node_modules/yarn/lib/cli.js:130369:10)
      at Request.emit (node:events:390:28)
      at IncomingMessage.<anonymous> (/usr/local/lib/node_modules/yarn/lib/cli.js:130291:12)
      at Object.onceWrapper (node:events:509:28)
      at IncomingMessage.emit (node:events:402:35)
      at endReadableNT (node:internal/streams/readable:1343:12)
      at processTicksAndRejections (node:internal/process/task_queues:83:21)

npm manifest: 
  {
    "name": "hardhat-project",
    "devDependencies": {
      "@nomiclabs/hardhat-ethers": "^2.0.2",
      "@nomiclabs/hardhat-etherscan": "^2.1.8",
      "@nomiclabs/hardhat-waffle": "^2.0.1",
      "@openzeppelin/contracts": "^4.4.0",
      "@typechain/ethers-v5": "^7.2.0",
      "@typechain/hardhat": "^2.3.1",
      "@types/chai": "^4.2.22",
      "@types/chai-as-promised": "^7.1.4",
      "@types/mocha": "^9.0.0",
      "@types/node": "^16.11.10",
      "@typescript-eslint/eslint-plugin": "^4.33.0",
      "@typescript-eslint/parser": "^4.33.0",
      "base64-sol": "^1.1.0",
      "chai": "^4.3.4",
      "chai-as-promised": "^7.1.1",
      "dotenv": "^10.0.0",
      "eslint": "^7.32.0",
      "eslint-config-prettier": "^8.3.0",
      "eslint-config-standard": "^16.0.3",
      "eslint-plugin-import": "^2.25.3",
      "eslint-plugin-node": "^11.1.0",
      "eslint-plugin-prettier": "^3.4.1",
      "eslint-plugin-promise": "^5.1.1",
      "ethereum-waffle": "^3.4.0",
      "ethers": "^5.5.1",
      "hardhat": "^2.7.0",
      "hardhat-gas-reporter": "^1.0.4",
      "prettier": "^2.5.0",
      "prettier-plugin-solidity": "^1.0.0-beta.19",
      "solhint": "^3.3.6",
      "solidity-coverage": "^0.7.17",
      "ts-node": "^10.4.0",
      "typechain": "^5.2.0",
      "typescript": "^4.5.2"
    }
  }

yarn manifest: 
  No manifest

Lockfile: 
  No lockfile
